#
# There is insufficient memory for the Java Runtime Environment to continue.
# Native memory allocation (malloc) failed to allocate 1330352 bytes for Chunk::new
# Possible reasons:
#   The system is out of physical RAM or swap space
#   The process is running with CompressedOops enabled, and the Java Heap may be blocking the growth of the native heap
# Possible solutions:
#   Reduce memory load on the system
#   Increase physical memory or swap space
#   Check if swap backing store is full
#   Decrease Java heap size (-Xmx/-Xms)
#   Decrease number of Java threads
#   Decrease Java thread stack sizes (-Xss)
#   Set larger code cache with -XX:ReservedCodeCacheSize=
#   JVM is running with Unscaled Compressed Oops mode in which the Java heap is
#     placed in the first 4GB address space. The Java Heap base address is the
#     maximum limit for the native heap growth. Please use -XX:HeapBaseMinAddress
#     to set the Java Heap base and to place the Java Heap above 4GB virtual address.
# This output file may be truncated or incomplete.
#
#  Out of Memory Error (allocation.cpp:389), pid=2448, tid=0x00000000000006e8
#
# JRE version: Java(TM) SE Runtime Environment (8.0_301-b09) (build 1.8.0_301-b09)
# Java VM: Java HotSpot(TM) 64-Bit Server VM (25.301-b09 mixed mode windows-amd64 compressed oops)
# Failed to write core dump. Minidumps are not enabled by default on client versions of Windows
#

---------------  T H R E A D  ---------------

Current thread (0x0000017457adb800):  JavaThread "C2 CompilerThread2" daemon [_thread_in_native, id=1768, stack(0x000000656d800000,0x000000656d900000)]

Stack: [0x000000656d800000,0x000000656d900000]
Native frames: (J=compiled Java code, j=interpreted, Vv=VM code, C=native code)
V  [jvm.dll+0x32ed79]
V  [jvm.dll+0x275722]
V  [jvm.dll+0x2763cd]
V  [jvm.dll+0x26ce05]
V  [jvm.dll+0xd551c]
V  [jvm.dll+0xd5d1c]
V  [jvm.dll+0x470195]
V  [jvm.dll+0x437e08]
V  [jvm.dll+0x440c55]
V  [jvm.dll+0x440015]
V  [jvm.dll+0x42ae57]
V  [jvm.dll+0xac1bb]
V  [jvm.dll+0xaa81b]
V  [jvm.dll+0x23ddc2]
V  [jvm.dll+0x2923dc]
C  [ucrtbase.dll+0x21bb2]
C  [KERNEL32.DLL+0x17034]
C  [ntdll.dll+0x52651]


Current CompileTask:
C2:  16303 4085       4       java.net.URLClassLoader$1::run (5 bytes)


---------------  P R O C E S S  ---------------

Java Threads: ( => current thread )
  0x00000174592d5800 JavaThread "jar transforms Thread 112" [_thread_blocked, id=11132, stack(0x0000006576900000,0x0000006576a00000)]
  0x00000174592d4800 JavaThread "jar transforms Thread 111" [_thread_blocked, id=18156, stack(0x0000006576800000,0x0000006576900000)]
  0x00000174592d2800 JavaThread "jar transforms Thread 110" [_thread_blocked, id=18160, stack(0x0000006576700000,0x0000006576800000)]
  0x00000174592d3000 JavaThread "jar transforms Thread 109" [_thread_blocked, id=18148, stack(0x0000006576600000,0x0000006576700000)]
  0x00000174592d7800 JavaThread "jar transforms Thread 108" [_thread_blocked, id=8852, stack(0x0000006576500000,0x0000006576600000)]
  0x00000174592d7000 JavaThread "jar transforms Thread 107" [_thread_blocked, id=18088, stack(0x0000006576400000,0x0000006576500000)]
  0x00000174592d4000 JavaThread "jar transforms Thread 106" [_thread_blocked, id=8400, stack(0x0000006576300000,0x0000006576400000)]
  0x00000174592d6000 JavaThread "jar transforms Thread 105" [_thread_blocked, id=18072, stack(0x0000006576200000,0x0000006576300000)]
  0x000001745b972800 JavaThread "jar transforms Thread 104" [_thread_blocked, id=14980, stack(0x0000006576100000,0x0000006576200000)]
  0x000001745b971800 JavaThread "jar transforms Thread 103" [_thread_blocked, id=2068, stack(0x0000006576000000,0x0000006576100000)]
  0x000001745b970000 JavaThread "jar transforms Thread 102" [_thread_blocked, id=2304, stack(0x0000006575f00000,0x0000006576000000)]
  0x000001745b971000 JavaThread "jar transforms Thread 101" [_thread_blocked, id=18220, stack(0x0000006575e00000,0x0000006575f00000)]
  0x000001745b968800 JavaThread "jar transforms Thread 100" [_thread_blocked, id=4448, stack(0x0000006575d00000,0x0000006575e00000)]
  0x000001745b96f800 JavaThread "jar transforms Thread 99" [_thread_blocked, id=14748, stack(0x0000006575c00000,0x0000006575d00000)]
  0x000001745b96e800 JavaThread "jar transforms Thread 98" [_thread_blocked, id=7940, stack(0x0000006575b00000,0x0000006575c00000)]
  0x000001745b967000 JavaThread "jar transforms Thread 97" [_thread_blocked, id=13660, stack(0x0000006575a00000,0x0000006575b00000)]
  0x000001745b96e000 JavaThread "jar transforms Thread 96" [_thread_blocked, id=18076, stack(0x0000006575900000,0x0000006575a00000)]
  0x000001745b966800 JavaThread "jar transforms Thread 95" [_thread_blocked, id=9648, stack(0x0000006575800000,0x0000006575900000)]
  0x000001745b96d000 JavaThread "jar transforms Thread 94" [_thread_blocked, id=18236, stack(0x0000006575700000,0x0000006575800000)]
  0x000001745b965800 JavaThread "jar transforms Thread 93" [_thread_blocked, id=12256, stack(0x0000006575600000,0x0000006575700000)]
  0x000001745b968000 JavaThread "jar transforms Thread 92" [_thread_blocked, id=1496, stack(0x0000006575500000,0x0000006575600000)]
  0x000001745b96b800 JavaThread "jar transforms Thread 91" [_thread_blocked, id=12312, stack(0x0000006575400000,0x0000006575500000)]
  0x000001745b96a000 JavaThread "jar transforms Thread 90" [_thread_blocked, id=13236, stack(0x0000006575300000,0x0000006575400000)]
  0x000001745b96b000 JavaThread "jar transforms Thread 89" [_thread_blocked, id=17708, stack(0x0000006575200000,0x0000006575300000)]
  0x000001745b96c800 JavaThread "jar transforms Thread 88" [_thread_blocked, id=10100, stack(0x0000006575100000,0x0000006575200000)]
  0x000001745b969800 JavaThread "jar transforms Thread 87" [_thread_blocked, id=17184, stack(0x0000006575000000,0x0000006575100000)]
  0x000001745b963800 JavaThread "jar transforms Thread 86" [_thread_blocked, id=17548, stack(0x0000006574f00000,0x0000006575000000)]
  0x000001745b965000 JavaThread "jar transforms Thread 85" [_thread_blocked, id=9276, stack(0x0000006574e00000,0x0000006574f00000)]
  0x000001745b964000 JavaThread "jar transforms Thread 84" [_thread_blocked, id=5832, stack(0x0000006574d00000,0x0000006574e00000)]
  0x000001745b32f000 JavaThread "jar transforms Thread 83" [_thread_blocked, id=13980, stack(0x0000006574c00000,0x0000006574d00000)]
  0x000001745b32e800 JavaThread "jar transforms Thread 82" [_thread_blocked, id=5972, stack(0x0000006574b00000,0x0000006574c00000)]
  0x000001745b32d800 JavaThread "jar transforms Thread 81" [_thread_blocked, id=18316, stack(0x0000006574a00000,0x0000006574b00000)]
  0x000001745b334800 JavaThread "jar transforms Thread 80" [_thread_blocked, id=18228, stack(0x0000006574900000,0x0000006574a00000)]
  0x000001745b333800 JavaThread "jar transforms Thread 79" [_thread_blocked, id=18140, stack(0x0000006574800000,0x0000006574900000)]
  0x000001745b332000 JavaThread "jar transforms Thread 78" [_thread_blocked, id=18208, stack(0x0000006574700000,0x0000006574800000)]
  0x000001745b333000 JavaThread "jar transforms Thread 77" [_thread_blocked, id=10644, stack(0x0000006574600000,0x0000006574700000)]
  0x000001745b331800 JavaThread "jar transforms Thread 76" [_thread_blocked, id=6112, stack(0x0000006574500000,0x0000006574600000)]
  0x000001745b330800 JavaThread "jar transforms Thread 75" [_thread_blocked, id=12404, stack(0x0000006574400000,0x0000006574500000)]
  0x000001745b330000 JavaThread "jar transforms Thread 74" [_thread_blocked, id=15096, stack(0x0000006574300000,0x0000006574400000)]
  0x000001745b326000 JavaThread "jar transforms Thread 73" [_thread_blocked, id=13000, stack(0x0000006574200000,0x0000006574300000)]
  0x000001745b32d000 JavaThread "jar transforms Thread 72" [_thread_blocked, id=7716, stack(0x0000006574100000,0x0000006574200000)]
  0x000001745b32c000 JavaThread "jar transforms Thread 71" [_thread_blocked, id=8932, stack(0x0000006574000000,0x0000006574100000)]
  0x000001745b329000 JavaThread "jar transforms Thread 70" [_thread_blocked, id=17528, stack(0x0000006573f00000,0x0000006574000000)]
  0x000001745b328800 JavaThread "jar transforms Thread 69" [_thread_blocked, id=14268, stack(0x0000006573e00000,0x0000006573f00000)]
  0x000001745b32b800 JavaThread "jar transforms Thread 68" [_thread_blocked, id=17180, stack(0x0000006573d00000,0x0000006573e00000)]
  0x000001745b327000 JavaThread "jar transforms Thread 67" [_thread_blocked, id=6616, stack(0x0000006573c00000,0x0000006573d00000)]
  0x000001745b32a800 JavaThread "jar transforms Thread 66" [_thread_blocked, id=9568, stack(0x0000006573b00000,0x0000006573c00000)]
  0x000001745b327800 JavaThread "jar transforms Thread 65" [_thread_blocked, id=12172, stack(0x0000006573a00000,0x0000006573b00000)]
  0x000001745b325800 JavaThread "jar transforms Thread 64" [_thread_blocked, id=7572, stack(0x0000006573900000,0x0000006573a00000)]
  0x000001745b32a000 JavaThread "jar transforms Thread 63" [_thread_blocked, id=9700, stack(0x0000006573800000,0x0000006573900000)]
  0x000001745d091800 JavaThread "jar transforms Thread 62" [_thread_blocked, id=17632, stack(0x0000006573700000,0x0000006573800000)]
  0x000001745d08e800 JavaThread "jar transforms Thread 61" [_thread_blocked, id=10204, stack(0x0000006573600000,0x0000006573700000)]
  0x000001745d08a000 JavaThread "jar transforms Thread 60" [_thread_blocked, id=5780, stack(0x0000006573500000,0x0000006573600000)]
  0x000001745d090800 JavaThread "jar transforms Thread 59" [_thread_blocked, id=10900, stack(0x0000006573400000,0x0000006573500000)]
  0x000001745d090000 JavaThread "jar transforms Thread 58" [_thread_blocked, id=6364, stack(0x0000006573300000,0x0000006573400000)]
  0x000001745d08d800 JavaThread "jar transforms Thread 57" [_thread_blocked, id=14608, stack(0x0000006573200000,0x0000006573300000)]
  0x000001745d08b800 JavaThread "jar transforms Thread 56" [_thread_blocked, id=17872, stack(0x0000006573100000,0x0000006573200000)]
  0x000001745d08a800 JavaThread "jar transforms Thread 55" [_thread_blocked, id=6536, stack(0x0000006573000000,0x0000006573100000)]
  0x000001745d08c000 JavaThread "jar transforms Thread 54" [_thread_blocked, id=5500, stack(0x0000006572f00000,0x0000006573000000)]
  0x000001745d08d000 JavaThread "jar transforms Thread 53" [_thread_blocked, id=2608, stack(0x0000006572e00000,0x0000006572f00000)]
  0x000001745d08f000 JavaThread "jar transforms Thread 52" [_thread_blocked, id=17964, stack(0x0000006572d00000,0x0000006572e00000)]
  0x000001745d082000 JavaThread "jar transforms Thread 51" [_thread_blocked, id=10400, stack(0x0000006572c00000,0x0000006572d00000)]
  0x000001745d087000 JavaThread "jar transforms Thread 50" [_thread_blocked, id=12184, stack(0x0000006572b00000,0x0000006572c00000)]
  0x000001745d084800 JavaThread "jar transforms Thread 49" [_thread_blocked, id=11980, stack(0x0000006572a00000,0x0000006572b00000)]
  0x000001745d084000 JavaThread "jar transforms Thread 48" [_thread_blocked, id=12592, stack(0x0000006572900000,0x0000006572a00000)]
  0x000001745d089000 JavaThread "jar transforms Thread 47" [_thread_blocked, id=17800, stack(0x0000006572800000,0x0000006572900000)]
  0x000001745d086000 JavaThread "jar transforms Thread 46" [_thread_blocked, id=10356, stack(0x0000006572700000,0x0000006572800000)]
  0x000001745d085800 JavaThread "jar transforms Thread 45" [_thread_blocked, id=9628, stack(0x0000006572600000,0x0000006572700000)]
  0x000001745d083000 JavaThread "jar transforms Thread 44" [_thread_blocked, id=11748, stack(0x0000006572500000,0x0000006572600000)]
  0x000001745d088800 JavaThread "jar transforms Thread 43" [_thread_blocked, id=18048, stack(0x0000006572400000,0x0000006572500000)]
  0x000001745d087800 JavaThread "jar transforms Thread 42" [_thread_blocked, id=11876, stack(0x0000006572300000,0x0000006572400000)]
  0x000001745ca0d800 JavaThread "jar transforms Thread 41" [_thread_blocked, id=9736, stack(0x0000006572200000,0x0000006572300000)]
  0x000001745ca10800 JavaThread "jar transforms Thread 40" [_thread_blocked, id=17976, stack(0x0000006572100000,0x0000006572200000)]
  0x000001745ca0c000 JavaThread "jar transforms Thread 39" [_thread_blocked, id=17624, stack(0x0000006572000000,0x0000006572100000)]
  0x000001745ca0f800 JavaThread "jar transforms Thread 38" [_thread_blocked, id=7320, stack(0x0000006571f00000,0x0000006572000000)]
  0x000001745ca11000 JavaThread "jar transforms Thread 37" [_thread_blocked, id=13368, stack(0x0000006571e00000,0x0000006571f00000)]
  0x000001745ca08000 JavaThread "jar transforms Thread 36" [_thread_blocked, id=6376, stack(0x0000006571d00000,0x0000006571e00000)]
  0x000001745ca0a800 JavaThread "jar transforms Thread 35" [_thread_blocked, id=12080, stack(0x0000006571c00000,0x0000006571d00000)]
  0x000001745ca0f000 JavaThread "jar transforms Thread 34" [_thread_blocked, id=14880, stack(0x0000006571b00000,0x0000006571c00000)]
  0x000001745ca0b000 JavaThread "jar transforms Thread 33" [_thread_blocked, id=14840, stack(0x0000006571a00000,0x0000006571b00000)]
  0x000001745ca0e000 JavaThread "jar transforms Thread 32" [_thread_blocked, id=8384, stack(0x0000006571900000,0x0000006571a00000)]
  0x000001745ca0c800 JavaThread "jar transforms Thread 31" [_thread_blocked, id=12448, stack(0x0000006571800000,0x0000006571900000)]
  0x000001745ca05000 JavaThread "jar transforms Thread 30" [_thread_blocked, id=5412, stack(0x0000006571700000,0x0000006571800000)]
  0x000001745ca03000 JavaThread "jar transforms Thread 29" [_thread_blocked, id=14420, stack(0x0000006571600000,0x0000006571700000)]
  0x000001745ca03800 JavaThread "jar transforms Thread 28" [_thread_blocked, id=17700, stack(0x0000006571500000,0x0000006571600000)]
  0x000001745ca06000 JavaThread "jar transforms Thread 27" [_thread_blocked, id=11028, stack(0x0000006571400000,0x0000006571500000)]
  0x000001745ca09800 JavaThread "jar transforms Thread 26" [_thread_blocked, id=5796, stack(0x0000006571300000,0x0000006571400000)]
  0x000001745ca04800 JavaThread "jar transforms Thread 25" [_thread_blocked, id=1728, stack(0x0000006571200000,0x0000006571300000)]
  0x000001745ca07800 JavaThread "jar transforms Thread 24" [_thread_blocked, id=17168, stack(0x0000006571100000,0x0000006571200000)]
  0x000001745ca02000 JavaThread "jar transforms Thread 23" [_thread_blocked, id=15812, stack(0x0000006571000000,0x0000006571100000)]
  0x000001745ca06800 JavaThread "jar transforms Thread 22" [_thread_blocked, id=11096, stack(0x0000006570f00000,0x0000006571000000)]
  0x000001745ca09000 JavaThread "jar transforms Thread 21" [_thread_blocked, id=17660, stack(0x0000006570e00000,0x0000006570f00000)]
  0x00000174590cd800 JavaThread "jar transforms Thread 20" [_thread_blocked, id=18068, stack(0x0000006570d00000,0x0000006570e00000)]
  0x00000174590cc800 JavaThread "jar transforms Thread 19" [_thread_blocked, id=18176, stack(0x0000006570c00000,0x0000006570d00000)]
  0x00000174590cc000 JavaThread "jar transforms Thread 18" [_thread_blocked, id=18064, stack(0x0000006570b00000,0x0000006570c00000)]
  0x00000174590cb000 JavaThread "jar transforms Thread 17" [_thread_blocked, id=8496, stack(0x0000006570a00000,0x0000006570b00000)]
  0x00000174590ca800 JavaThread "jar transforms Thread 16" [_thread_blocked, id=7876, stack(0x0000006570900000,0x0000006570a00000)]
  0x00000174590c8000 JavaThread "jar transforms Thread 15" [_thread_blocked, id=17740, stack(0x0000006570800000,0x0000006570900000)]
  0x00000174590c9800 JavaThread "jar transforms Thread 14" [_thread_blocked, id=9408, stack(0x0000006570700000,0x0000006570800000)]
  0x00000174590c6800 JavaThread "jar transforms Thread 13" [_thread_blocked, id=1908, stack(0x0000006570600000,0x0000006570700000)]
  0x00000174590c7800 JavaThread "jar transforms Thread 12" [_thread_blocked, id=4276, stack(0x0000006570500000,0x0000006570600000)]
  0x00000174590c9000 JavaThread "jar transforms Thread 11" [_thread_blocked, id=18116, stack(0x0000006570400000,0x0000006570500000)]
  0x00000174590bf000 JavaThread "jar transforms Thread 10" [_thread_blocked, id=1180, stack(0x0000006570300000,0x0000006570400000)]
  0x00000174590c6000 JavaThread "jar transforms Thread 9" [_thread_blocked, id=7412, stack(0x0000006570200000,0x0000006570300000)]
  0x00000174590c5000 JavaThread "jar transforms Thread 8" [_thread_blocked, id=2372, stack(0x0000006570100000,0x0000006570200000)]
  0x00000174590c3800 JavaThread "jar transforms Thread 7" [_thread_blocked, id=12132, stack(0x0000006570000000,0x0000006570100000)]
  0x00000174590c3000 JavaThread "jar transforms Thread 6" [_thread_blocked, id=2536, stack(0x000000656ff00000,0x0000006570000000)]
  0x00000174590c1800 JavaThread "jar transforms Thread 5" [_thread_blocked, id=16448, stack(0x000000656fe00000,0x000000656ff00000)]
  0x00000174590c0800 JavaThread "jar transforms Thread 4" [_thread_blocked, id=17224, stack(0x000000656fd00000,0x000000656fe00000)]
  0x00000174590c4800 JavaThread "jar transforms Thread 3" [_thread_blocked, id=16176, stack(0x000000656fc00000,0x000000656fd00000)]
  0x00000174590c0000 JavaThread "jar transforms Thread 2" [_thread_blocked, id=13596, stack(0x000000656fb00000,0x000000656fc00000)]
  0x00000174590be800 JavaThread "Build operations Thread 8" [_thread_blocked, id=7404, stack(0x000000656fa00000,0x000000656fb00000)]
  0x00000174590c2000 JavaThread "Build operations Thread 7" [_thread_blocked, id=17480, stack(0x000000656f900000,0x000000656fa00000)]
  0x0000017459af4000 JavaThread "Build operations Thread 6" [_thread_blocked, id=17756, stack(0x000000656f800000,0x000000656f900000)]
  0x0000017459af3000 JavaThread "Build operations Thread 5" [_thread_blocked, id=17728, stack(0x000000656f700000,0x000000656f800000)]
  0x0000017459af5800 JavaThread "Build operations Thread 4" [_thread_blocked, id=10464, stack(0x000000656f600000,0x000000656f700000)]
  0x0000017459af2800 JavaThread "Build operations Thread 3" [_thread_blocked, id=16688, stack(0x000000656f500000,0x000000656f600000)]
  0x0000017459af8800 JavaThread "Build operations Thread 2" [_thread_blocked, id=15372, stack(0x000000656f400000,0x000000656f500000)]
  0x0000017459af4800 JavaThread "Build operations" [_thread_blocked, id=18400, stack(0x000000656f300000,0x000000656f400000)]
  0x0000017459af7800 JavaThread "Cache worker for Build Output Cleanup Cache (C:\Users\Eslam Osama\StudioProjects\eslam_app\android\.gradle\buildOutputCleanup)" [_thread_blocked, id=18212, stack(0x000000656f200000,0x000000656f300000)]
  0x0000017459af6000 JavaThread "Cache worker for file content cache (C:\Users\Eslam Osama\.gradle\caches\6.7\fileContent)" [_thread_blocked, id=7288, stack(0x000000656f100000,0x000000656f200000)]
  0x0000017459af7000 JavaThread "jar transforms" [_thread_blocked, id=2616, stack(0x000000656f000000,0x000000656f100000)]
  0x0000017459ae9800 JavaThread "Cache worker for execution history cache (C:\Users\Eslam Osama\.gradle\caches\6.7\executionHistory)" [_thread_blocked, id=17812, stack(0x000000656ef00000,0x000000656f000000)]
  0x0000017459aeb800 JavaThread "Cache worker for cache directory md-rule (C:\Users\Eslam Osama\.gradle\caches\6.7\md-rule)" [_thread_blocked, id=18056, stack(0x000000656ee00000,0x000000656ef00000)]
  0x0000017459af0000 JavaThread "Cache worker for cache directory md-supplier (C:\Users\Eslam Osama\.gradle\caches\6.7\md-supplier)" [_thread_blocked, id=17524, stack(0x000000656ed00000,0x000000656ee00000)]
  0x0000017459aee000 JavaThread "Cache worker for checksums cache (C:\Users\Eslam Osama\StudioProjects\eslam_app\android\.gradle\checksums)" [_thread_blocked, id=15128, stack(0x000000656ec00000,0x000000656ed00000)]
  0x0000017459aeb000 JavaThread "Cache worker for file hash cache (C:\Users\Eslam Osama\StudioProjects\eslam_app\android\.gradle\6.7\fileHashes)" [_thread_blocked, id=14108, stack(0x000000656eb00000,0x000000656ec00000)]
  0x0000017459aef800 JavaThread "Cache worker for journal cache (C:\Users\Eslam Osama\.gradle\caches\journal-1)" [_thread_blocked, id=14360, stack(0x000000656ea00000,0x000000656eb00000)]
  0x0000017459aee800 JavaThread "File lock request listener" [_thread_in_native, id=15088, stack(0x000000656e900000,0x000000656ea00000)]
  0x0000017459aed000 JavaThread "Cache worker for file hash cache (C:\Users\Eslam Osama\.gradle\caches\6.7\fileHashes)" [_thread_blocked, id=9260, stack(0x000000656e800000,0x000000656e900000)]
  0x0000017459aea000 JavaThread "Thread-9" [_thread_blocked, id=17164, stack(0x000000656e700000,0x000000656e800000)]
  0x0000017459aec800 JavaThread "Stdin handler" [_thread_blocked, id=16896, stack(0x000000656e600000,0x000000656e700000)]
  0x0000017458eb7000 JavaThread "Asynchronous log dispatcher for DefaultDaemonConnection: socket connection from /127.0.0.1:52044 to /127.0.0.1:52045" [_thread_blocked, id=17672, stack(0x000000656e500000,0x000000656e600000)]
  0x0000017458eb5000 JavaThread "Daemon worker" [_thread_in_native, id=10920, stack(0x000000656e400000,0x000000656e500000)]
  0x0000017458eb2800 JavaThread "Cancel handler" [_thread_blocked, id=13344, stack(0x000000656e300000,0x000000656e400000)]
  0x0000017458eb2000 JavaThread "Handler for socket connection from /127.0.0.1:52044 to /127.0.0.1:52045" [_thread_in_native, id=18284, stack(0x000000656e200000,0x000000656e300000)]
  0x0000017458eb3800 JavaThread "Daemon" [_thread_blocked, id=18184, stack(0x000000656e100000,0x000000656e200000)]
  0x0000017458eb6800 JavaThread "Daemon periodic checks" [_thread_blocked, id=7824, stack(0x000000656e000000,0x000000656e100000)]
  0x0000017458eb4000 JavaThread "Incoming local TCP Connector on port 52044" [_thread_in_native, id=18300, stack(0x000000656df00000,0x000000656e000000)]
  0x0000017458eb0800 JavaThread "Daemon health stats" [_thread_blocked, id=18336, stack(0x000000656dc00000,0x000000656dd00000)]
  0x0000017458eb5800 JavaThread "Service Thread" daemon [_thread_blocked, id=17760, stack(0x000000656da00000,0x000000656db00000)]
  0x0000017457ae8000 JavaThread "C1 CompilerThread3" daemon [_thread_blocked, id=16516, stack(0x000000656d900000,0x000000656da00000)]
=>0x0000017457adb800 JavaThread "C2 CompilerThread2" daemon [_thread_in_native, id=1768, stack(0x000000656d800000,0x000000656d900000)]
  0x0000017457ac4800 JavaThread "C2 CompilerThread1" daemon [_thread_in_native, id=3384, stack(0x000000656d700000,0x000000656d800000)]
  0x0000017457ac0000 JavaThread "C2 CompilerThread0" daemon [_thread_blocked, id=17192, stack(0x000000656d600000,0x000000656d700000)]
  0x0000017457ad6800 JavaThread "Attach Listener" daemon [_thread_blocked, id=7540, stack(0x000000656d500000,0x000000656d600000)]
  0x0000017457ad5000 JavaThread "Signal Dispatcher" daemon [_thread_blocked, id=17848, stack(0x000000656d400000,0x000000656d500000)]
  0x0000017457aaf000 JavaThread "Finalizer" daemon [_thread_blocked, id=18120, stack(0x000000656d300000,0x000000656d400000)]
  0x0000017442308800 JavaThread "Reference Handler" daemon [_thread_blocked, id=10224, stack(0x000000656d200000,0x000000656d300000)]
  0x0000017442103000 JavaThread "main" [_thread_blocked, id=10108, stack(0x000000656c800000,0x000000656c900000)]

Other Threads:
  0x0000017457a82800 VMThread [stack: 0x000000656d100000,0x000000656d200000] [id=18124]
  0x0000017457b5d000 WatcherThread [stack: 0x000000656db00000,0x000000656dc00000] [id=6928]

VM state:not at safepoint (normal execution)

VM Mutex/Monitor currently owned by a thread: None

heap address: 0x00000000a0000000, size: 1536 MB, Compressed Oops mode: 32-bit
Narrow klass base: 0x0000000000000000, Narrow klass shift: 3
Compressed class space size: 1073741824 Address: 0x0000000100000000

Heap:
 PSYoungGen      total 72704K, used 32288K [0x00000000e0000000, 0x00000000e5200000, 0x0000000100000000)
  eden space 61440K, 44% used [0x00000000e0000000,0x00000000e1aaa7b8,0x00000000e3c00000)
  from space 11264K, 44% used [0x00000000e4700000,0x00000000e4bdda28,0x00000000e5200000)
  to   space 8704K, 0% used [0x00000000e3d00000,0x00000000e3d00000,0x00000000e4580000)
 ParOldGen       total 113664K, used 15343K [0x00000000a0000000, 0x00000000a6f00000, 0x00000000e0000000)
  object space 113664K, 13% used [0x00000000a0000000,0x00000000a0efbd40,0x00000000a6f00000)
 Metaspace       used 37996K, capacity 39656K, committed 39808K, reserved 1083392K
  class space    used 5338K, capacity 5689K, committed 5760K, reserved 1048576K

Card table byte_map: [0x0000017452ea0000,0x00000174531b0000] byte_map_base: 0x00000174529a0000

Marking Bits: (ParMarkBitMap*) 0x0000000056b27fe0
 Begin Bits: [0x00000174533b0000, 0x0000017454bb0000)
 End Bits:   [0x0000017454bb0000, 0x00000174563b0000)

Polling page: 0x00000174420c0000

CodeCache: size=245760Kb used=12111Kb max_used=12111Kb free=233648Kb
 bounds [0x0000017443ae0000, 0x00000174446d0000, 0x0000017452ae0000]
 total_blobs=4374 nmethods=3669 adapters=617
 compilation: enabled

Compilation events (10 events):
Event: 15.984 Thread 0x0000017457ae8000 4081       1       com.google.common.collect.MapMakerInternalMap$AbstractStrongKeyEntry::getKey (5 bytes)
Event: 15.984 Thread 0x0000017457ae8000 nmethod 4081 0x00000174446aa8d0 code [0x00000174446aaa20, 0x00000174446aab38]
Event: 15.986 Thread 0x0000017457ae8000 4083       3       org.gradle.internal.util.Trie::find (135 bytes)
Event: 15.986 Thread 0x0000017457ac0000 4084   !   4       java.lang.ClassLoader::getPackage (118 bytes)
Event: 15.986 Thread 0x0000017457ae8000 nmethod 4083 0x00000174446a9c10 code [0x00000174446a9de0, 0x00000174446aa580]
Event: 15.986 Thread 0x0000017457ae8000 4082       3       org.gradle.internal.classloader.FilteringClassLoader$TrieSet::find (9 bytes)
Event: 15.986 Thread 0x0000017457ae8000 nmethod 4082 0x00000174446a9810 code [0x00000174446a9980, 0x00000174446a9b30]
Event: 15.987 Thread 0x0000017457adb800 4085       4       java.net.URLClassLoader$1::run (5 bytes)
Event: 15.987 Thread 0x0000017457ac4800 4086   !   4       java.net.URLClassLoader$1::run (63 bytes)
Event: 16.015 Thread 0x0000017457ac0000 nmethod 4084 0x00000174446ba3d0 code [0x00000174446ba600, 0x00000174446bc448]

GC Heap History (10 events):
Event: 8.616 GC heap before
{Heap before GC invocations=6 (full 1):
 PSYoungGen      total 76288K, used 65536K [0x00000000e0000000, 0x00000000e5500000, 0x0000000100000000)
  eden space 65536K, 100% used [0x00000000e0000000,0x00000000e4000000,0x00000000e4000000)
  from space 10752K, 0% used [0x00000000e4a80000,0x00000000e4a80000,0x00000000e5500000)
  to   space 10752K, 0% used [0x00000000e4000000,0x00000000e4000000,0x00000000e4a80000)
 ParOldGen       total 74752K, used 8101K [0x00000000a0000000, 0x00000000a4900000, 0x00000000e0000000)
  object space 74752K, 10% used [0x00000000a0000000,0x00000000a07e96d0,0x00000000a4900000)
 Metaspace       used 28564K, capacity 29466K, committed 29696K, reserved 1075200K
  class space    used 4111K, capacity 4348K, committed 4352K, reserved 1048576K
Event: 8.621 GC heap after
Heap after GC invocations=6 (full 1):
 PSYoungGen      total 72704K, used 8511K [0x00000000e0000000, 0x00000000e5580000, 0x0000000100000000)
  eden space 64000K, 0% used [0x00000000e0000000,0x00000000e0000000,0x00000000e3e80000)
  from space 8704K, 97% used [0x00000000e4000000,0x00000000e484feb0,0x00000000e4880000)
  to   space 11776K, 0% used [0x00000000e4a00000,0x00000000e4a00000,0x00000000e5580000)
 ParOldGen       total 74752K, used 8109K [0x00000000a0000000, 0x00000000a4900000, 0x00000000e0000000)
  object space 74752K, 10% used [0x00000000a0000000,0x00000000a07eb6d0,0x00000000a4900000)
 Metaspace       used 28564K, capacity 29466K, committed 29696K, reserved 1075200K
  class space    used 4111K, capacity 4348K, committed 4352K, reserved 1048576K
}
Event: 10.142 GC heap before
{Heap before GC invocations=7 (full 1):
 PSYoungGen      total 72704K, used 72511K [0x00000000e0000000, 0x00000000e5580000, 0x0000000100000000)
  eden space 64000K, 100% used [0x00000000e0000000,0x00000000e3e80000,0x00000000e3e80000)
  from space 8704K, 97% used [0x00000000e4000000,0x00000000e484feb0,0x00000000e4880000)
  to   space 11776K, 0% used [0x00000000e4a00000,0x00000000e4a00000,0x00000000e5580000)
 ParOldGen       total 74752K, used 8109K [0x00000000a0000000, 0x00000000a4900000, 0x00000000e0000000)
  object space 74752K, 10% used [0x00000000a0000000,0x00000000a07eb6d0,0x00000000a4900000)
 Metaspace       used 33181K, capacity 34136K, committed 34432K, reserved 1079296K
  class space    used 4623K, capacity 4875K, committed 4992K, reserved 1048576K
Event: 10.146 GC heap after
Heap after GC invocations=7 (full 1):
 PSYoungGen      total 72704K, used 9227K [0x00000000e0000000, 0x00000000e5400000, 0x0000000100000000)
  eden space 62464K, 0% used [0x00000000e0000000,0x00000000e0000000,0x00000000e3d00000)
  from space 10240K, 90% used [0x00000000e4a00000,0x00000000e5302ee0,0x00000000e5400000)
  to   space 11776K, 0% used [0x00000000e3d00000,0x00000000e3d00000,0x00000000e4880000)
 ParOldGen       total 74752K, used 8117K [0x00000000a0000000, 0x00000000a4900000, 0x00000000e0000000)
  object space 74752K, 10% used [0x00000000a0000000,0x00000000a07ed6d0,0x00000000a4900000)
 Metaspace       used 33181K, capacity 34136K, committed 34432K, reserved 1079296K
  class space    used 4623K, capacity 4875K, committed 4992K, reserved 1048576K
}
Event: 10.455 GC heap before
{Heap before GC invocations=8 (full 1):
 PSYoungGen      total 72704K, used 41842K [0x00000000e0000000, 0x00000000e5400000, 0x0000000100000000)
  eden space 62464K, 52% used [0x00000000e0000000,0x00000000e1fd9cd0,0x00000000e3d00000)
  from space 10240K, 90% used [0x00000000e4a00000,0x00000000e5302ee0,0x00000000e5400000)
  to   space 11776K, 0% used [0x00000000e3d00000,0x00000000e3d00000,0x00000000e4880000)
 ParOldGen       total 74752K, used 8117K [0x00000000a0000000, 0x00000000a4900000, 0x00000000e0000000)
  object space 74752K, 10% used [0x00000000a0000000,0x00000000a07ed6d0,0x00000000a4900000)
 Metaspace       used 34372K, capacity 35398K, committed 35496K, reserved 1079296K
  class space    used 4820K, capacity 5054K, committed 5120K, reserved 1048576K
Event: 10.459 GC heap after
Heap after GC invocations=8 (full 1):
 PSYoungGen      total 70144K, used 8599K [0x00000000e0000000, 0x00000000e5200000, 0x0000000100000000)
  eden space 61440K, 0% used [0x00000000e0000000,0x00000000e0000000,0x00000000e3c00000)
  from space 8704K, 98% used [0x00000000e3d00000,0x00000000e4565c00,0x00000000e4580000)
  to   space 11264K, 0% used [0x00000000e4700000,0x00000000e4700000,0x00000000e5200000)
 ParOldGen       total 74752K, used 8125K [0x00000000a0000000, 0x00000000a4900000, 0x00000000e0000000)
  object space 74752K, 10% used [0x00000000a0000000,0x00000000a07ef6d0,0x00000000a4900000)
 Metaspace       used 34372K, capacity 35398K, committed 35496K, reserved 1079296K
  class space    used 4820K, capacity 5054K, committed 5120K, reserved 1048576K
}
Event: 10.459 GC heap before
{Heap before GC invocations=9 (full 2):
 PSYoungGen      total 70144K, used 8599K [0x00000000e0000000, 0x00000000e5200000, 0x0000000100000000)
  eden space 61440K, 0% used [0x00000000e0000000,0x00000000e0000000,0x00000000e3c00000)
  from space 8704K, 98% used [0x00000000e3d00000,0x00000000e4565c00,0x00000000e4580000)
  to   space 11264K, 0% used [0x00000000e4700000,0x00000000e4700000,0x00000000e5200000)
 ParOldGen       total 74752K, used 8125K [0x00000000a0000000, 0x00000000a4900000, 0x00000000e0000000)
  object space 74752K, 10% used [0x00000000a0000000,0x00000000a07ef6d0,0x00000000a4900000)
 Metaspace       used 34372K, capacity 35398K, committed 35496K, reserved 1079296K
  class space    used 4820K, capacity 5054K, committed 5120K, reserved 1048576K
Event: 10.489 GC heap after
Heap after GC invocations=9 (full 2):
 PSYoungGen      total 70144K, used 0K [0x00000000e0000000, 0x00000000e5200000, 0x0000000100000000)
  eden space 61440K, 0% used [0x00000000e0000000,0x00000000e0000000,0x00000000e3c00000)
  from space 8704K, 0% used [0x00000000e3d00000,0x00000000e3d00000,0x00000000e4580000)
  to   space 11264K, 0% used [0x00000000e4700000,0x00000000e4700000,0x00000000e5200000)
 ParOldGen       total 113664K, used 15335K [0x00000000a0000000, 0x00000000a6f00000, 0x00000000e0000000)
  object space 113664K, 13% used [0x00000000a0000000,0x00000000a0ef9d40,0x00000000a6f00000)
 Metaspace       used 34372K, capacity 35398K, committed 35496K, reserved 1079296K
  class space    used 4820K, capacity 5054K, committed 5120K, reserved 1048576K
}
Event: 12.126 GC heap before
{Heap before GC invocations=10 (full 2):
 PSYoungGen      total 70144K, used 61440K [0x00000000e0000000, 0x00000000e5200000, 0x0000000100000000)
  eden space 61440K, 100% used [0x00000000e0000000,0x00000000e3c00000,0x00000000e3c00000)
  from space 8704K, 0% used [0x00000000e3d00000,0x00000000e3d00000,0x00000000e4580000)
  to   space 11264K, 0% used [0x00000000e4700000,0x00000000e4700000,0x00000000e5200000)
 ParOldGen       total 113664K, used 15335K [0x00000000a0000000, 0x00000000a6f00000, 0x00000000e0000000)
  object space 113664K, 13% used [0x00000000a0000000,0x00000000a0ef9d40,0x00000000a6f00000)
 Metaspace       used 37154K, capacity 38710K, committed 38912K, reserved 1083392K
  class space    used 5222K, capacity 5530K, committed 5632K, reserved 1048576K
Event: 12.130 GC heap after
Heap after GC invocations=10 (full 2):
 PSYoungGen      total 72704K, used 4982K [0x00000000e0000000, 0x00000000e5200000, 0x0000000100000000)
  eden space 61440K, 0% used [0x00000000e0000000,0x00000000e0000000,0x00000000e3c00000)
  from space 11264K, 44% used [0x00000000e4700000,0x00000000e4bdda28,0x00000000e5200000)
  to   space 8704K, 0% used [0x00000000e3d00000,0x00000000e3d00000,0x00000000e4580000)
 ParOldGen       total 113664K, used 15343K [0x00000000a0000000, 0x00000000a6f00000, 0x00000000e0000000)
  object space 113664K, 13% used [0x00000000a0000000,0x00000000a0efbd40,0x00000000a6f00000)
 Metaspace       used 37154K, capacity 38710K, committed 38912K, reserved 1083392K
  class space    used 5222K, capacity 5530K, committed 5632K, reserved 1048576K
}

Deoptimization events (10 events):
Event: 11.511 Thread 0x0000017459af3000 Uncommon trap: reason=unstable_if action=reinterpret pc=0x000001744406ef90 method=com.esotericsoftware.kryo.io.Input.readUtf8Length(I)I @ 9
Event: 11.530 Thread 0x0000017459af4000 Uncommon trap: reason=unstable_if action=reinterpret pc=0x0000017443ef62e4 method=com.esotericsoftware.kryo.io.Input.readUtf8Length(I)I @ 9
Event: 12.345 Thread 0x0000017458eb5000 Uncommon trap: reason=bimorphic action=maybe_recompile pc=0x00000174443d247c method=java.util.AbstractCollection.addAll(Ljava/util/Collection;)Z @ 29
Event: 12.349 Thread 0x0000017458eb5000 Uncommon trap: reason=bimorphic action=maybe_recompile pc=0x00000174443d247c method=java.util.AbstractCollection.addAll(Ljava/util/Collection;)Z @ 29
Event: 12.744 Thread 0x0000017458eb5000 Uncommon trap: reason=unstable_if action=reinterpret pc=0x0000017443e673f8 method=java.util.jar.JarFile.match([C[B[I[I)Z @ 29
Event: 15.757 Thread 0x0000017458eb5000 Uncommon trap: reason=unstable_if action=reinterpret pc=0x0000017443dc8ff0 method=java.util.jar.Manifest$FastInputStream.readLine([BII)I @ 87
Event: 15.757 Thread 0x0000017458eb5000 Uncommon trap: reason=bimorphic action=maybe_recompile pc=0x00000174444c18d4 method=java.lang.ClassLoader.getPackage(Ljava/lang/String;)Ljava/lang/Package; @ 47
Event: 15.757 Thread 0x0000017458eb5000 Uncommon trap: reason=bimorphic action=maybe_recompile pc=0x00000174444c18d4 method=java.lang.ClassLoader.getPackage(Ljava/lang/String;)Ljava/lang/Package; @ 47
Event: 15.758 Thread 0x0000017458eb5000 Uncommon trap: reason=bimorphic action=maybe_recompile pc=0x00000174444c18d4 method=java.lang.ClassLoader.getPackage(Ljava/lang/String;)Ljava/lang/Package; @ 47
Event: 15.758 Thread 0x0000017458eb5000 Uncommon trap: reason=bimorphic action=maybe_recompile pc=0x00000174444c18d4 method=java.lang.ClassLoader.getPackage(Ljava/lang/String;)Ljava/lang/Package; @ 47

Classes redefined (0 events):
No events

Internal exceptions (10 events):
Event: 15.095 Thread 0x0000017458eb5000 Exception <a 'java/security/PrivilegedActionException'> (0x00000000e12a2f90) thrown at [C:\jenkins\workspace\8-2-build-windows-amd64-cygwin\jdk8u301\1513\hotspot\src\share\vm\prims\jvm.cpp, line 1523]
Event: 15.095 Thread 0x0000017458eb5000 Exception <a 'java/security/PrivilegedActionException'> (0x00000000e12a42c8) thrown at [C:\jenkins\workspace\8-2-build-windows-amd64-cygwin\jdk8u301\1513\hotspot\src\share\vm\prims\jvm.cpp, line 1523]
Event: 15.095 Thread 0x0000017458eb5000 Exception <a 'java/security/PrivilegedActionException'> (0x00000000e12a7f38) thrown at [C:\jenkins\workspace\8-2-build-windows-amd64-cygwin\jdk8u301\1513\hotspot\src\share\vm\prims\jvm.cpp, line 1523]
Event: 15.095 Thread 0x0000017458eb5000 Exception <a 'java/security/PrivilegedActionException'> (0x00000000e12a9270) thrown at [C:\jenkins\workspace\8-2-build-windows-amd64-cygwin\jdk8u301\1513\hotspot\src\share\vm\prims\jvm.cpp, line 1523]
Event: 15.096 Thread 0x0000017458eb5000 Exception <a 'java/security/PrivilegedActionException'> (0x00000000e12ad028) thrown at [C:\jenkins\workspace\8-2-build-windows-amd64-cygwin\jdk8u301\1513\hotspot\src\share\vm\prims\jvm.cpp, line 1523]
Event: 15.096 Thread 0x0000017458eb5000 Exception <a 'java/security/PrivilegedActionException'> (0x00000000e12ae360) thrown at [C:\jenkins\workspace\8-2-build-windows-amd64-cygwin\jdk8u301\1513\hotspot\src\share\vm\prims\jvm.cpp, line 1523]
Event: 15.096 Thread 0x0000017458eb5000 Exception <a 'java/security/PrivilegedActionException'> (0x00000000e12b2278) thrown at [C:\jenkins\workspace\8-2-build-windows-amd64-cygwin\jdk8u301\1513\hotspot\src\share\vm\prims\jvm.cpp, line 1523]
Event: 15.096 Thread 0x0000017458eb5000 Exception <a 'java/security/PrivilegedActionException'> (0x00000000e12b35b0) thrown at [C:\jenkins\workspace\8-2-build-windows-amd64-cygwin\jdk8u301\1513\hotspot\src\share\vm\prims\jvm.cpp, line 1523]
Event: 15.743 Thread 0x0000017458eb5000 Exception <a 'java/lang/ClassNotFoundException': build_dy13s99qgdg7xgcq2v1ox4wrqBeanInfo> (0x00000000e131d598) thrown at [C:\jenkins\workspace\8-2-build-windows-amd64-cygwin\jdk8u301\1513\hotspot\src\share\vm\classfile\systemDictionary.cpp, line 212]
Event: 15.744 Thread 0x0000017458eb5000 Exception <a 'java/lang/ClassNotFoundException': build_dy13s99qgdg7xgcq2v1ox4wrqCustomizer> (0x00000000e132e718) thrown at [C:\jenkins\workspace\8-2-build-windows-amd64-cygwin\jdk8u301\1513\hotspot\src\share\vm\classfile\systemDictionary.cpp, line 212]

Events (10 events):
Event: 16.118 loading class com/google/common/collect/ImmutableList$SubList
Event: 16.118 loading class com/google/common/collect/ImmutableList$SubList done
Event: 16.119 loading class com/google/common/collect/ObjectArrays
Event: 16.119 loading class com/google/common/collect/ObjectArrays done
Event: 16.119 loading class com/android/build/gradle/options/ProjectOptions
Event: 16.119 loading class com/android/build/gradle/options/ProjectOptions done
Event: 16.133 loading class com/android/build/gradle/options/Option
Event: 16.133 loading class com/android/build/gradle/options/Option done
Event: 16.134 loading class com/google/common/collect/ImmutableMap
Event: 16.134 loading class com/google/common/collect/ImmutableMap done


Dynamic libraries:
0x00007ff7d9c70000 - 0x00007ff7d9cb7000 	C:\Program Files\Java\jdk1.8.0_301\bin\java.exe
0x00007fff54330000 - 0x00007fff54525000 	C:\WINDOWS\SYSTEM32\ntdll.dll
0x00007fff52570000 - 0x00007fff5262e000 	C:\WINDOWS\System32\KERNEL32.DLL
0x00007fff51a50000 - 0x00007fff51d19000 	C:\WINDOWS\System32\KERNELBASE.dll
0x00007fff53aa0000 - 0x00007fff53b4c000 	C:\WINDOWS\System32\ADVAPI32.dll
0x00007fff541c0000 - 0x00007fff5425e000 	C:\WINDOWS\System32\msvcrt.dll
0x00007fff52f60000 - 0x00007fff52ffb000 	C:\WINDOWS\System32\sechost.dll
0x00007fff52440000 - 0x00007fff5256a000 	C:\WINDOWS\System32\RPCRT4.dll
0x00007fff538f0000 - 0x00007fff53a91000 	C:\WINDOWS\System32\USER32.dll
0x00007fff52130000 - 0x00007fff52152000 	C:\WINDOWS\System32\win32u.dll
0x00007fff523e0000 - 0x00007fff5240b000 	C:\WINDOWS\System32\GDI32.dll
0x00007fff52020000 - 0x00007fff5212b000 	C:\WINDOWS\System32\gdi32full.dll
0x00007fff51e80000 - 0x00007fff51f1d000 	C:\WINDOWS\System32\msvcp_win.dll
0x00007fff51f20000 - 0x00007fff52020000 	C:\WINDOWS\System32\ucrtbase.dll
0x00007fff2e3c0000 - 0x00007fff2e65a000 	C:\WINDOWS\WinSxS\amd64_microsoft.windows.common-controls_6595b64144ccf1df_6.0.19041.1110_none_60b5254171f9507e\COMCTL32.dll
0x00007fff52410000 - 0x00007fff52440000 	C:\WINDOWS\System32\IMM32.DLL
0x00007fff2b920000 - 0x00007fff2b935000 	C:\Program Files\Java\jdk1.8.0_301\jre\bin\vcruntime140.dll
0x00007fff01a90000 - 0x00007fff01b2b000 	C:\Program Files\Java\jdk1.8.0_301\jre\bin\msvcp140.dll
0x0000000056340000 - 0x0000000056ba0000 	C:\Program Files\Java\jdk1.8.0_301\jre\bin\server\jvm.dll
0x00007fff54260000 - 0x00007fff54268000 	C:\WINDOWS\System32\PSAPI.DLL
0x00007fff4d810000 - 0x00007fff4d819000 	C:\WINDOWS\SYSTEM32\WSOCK32.dll
0x00007fff4df40000 - 0x00007fff4df67000 	C:\WINDOWS\SYSTEM32\WINMM.dll
0x00007fff4fa30000 - 0x00007fff4fa3a000 	C:\WINDOWS\SYSTEM32\VERSION.dll
0x00007fff53bb0000 - 0x00007fff53c1b000 	C:\WINDOWS\System32\WS2_32.dll
0x00007fff504f0000 - 0x00007fff50502000 	C:\WINDOWS\SYSTEM32\kernel.appcore.dll
0x00007fff3e380000 - 0x00007fff3e390000 	C:\Program Files\Java\jdk1.8.0_301\jre\bin\verify.dll
0x00007fff28030000 - 0x00007fff2805b000 	C:\Program Files\Java\jdk1.8.0_301\jre\bin\java.dll
0x00007fff2a8a0000 - 0x00007fff2a8b8000 	C:\Program Files\Java\jdk1.8.0_301\jre\bin\zip.dll
0x00007fff531b0000 - 0x00007fff538ef000 	C:\WINDOWS\System32\SHELL32.dll
0x00007fff4fa40000 - 0x00007fff501d0000 	C:\WINDOWS\SYSTEM32\windows.storage.dll
0x00007fff53df0000 - 0x00007fff54145000 	C:\WINDOWS\System32\combase.dll
0x00007fff513d0000 - 0x00007fff513fc000 	C:\WINDOWS\SYSTEM32\Wldp.dll
0x00007fff53d40000 - 0x00007fff53ded000 	C:\WINDOWS\System32\SHCORE.dll
0x00007fff53b50000 - 0x00007fff53ba5000 	C:\WINDOWS\System32\shlwapi.dll
0x00007fff51990000 - 0x00007fff519af000 	C:\WINDOWS\SYSTEM32\profapi.dll
0x00007fff29a90000 - 0x00007fff29aac000 	C:\Program Files\Java\jdk1.8.0_301\jre\bin\net.dll
0x00007fff51130000 - 0x00007fff5119a000 	C:\WINDOWS\system32\mswsock.dll
0x00007fff28010000 - 0x00007fff28023000 	C:\Program Files\Java\jdk1.8.0_301\jre\bin\nio.dll
0x00007fff2b940000 - 0x00007fff2b966000 	C:\Users\Eslam Osama\.gradle\native\fdc75f09e3144964f2cf3f50f0aa648679c211496f362492102eb8c894070792\windows-amd64\native-platform.dll
0x00007ffefd6e0000 - 0x00007ffefd871000 	C:\Users\Eslam Osama\.gradle\native\12488b8bf47d2d4c9fbf2f6322a914ad602e24e48041cd04a747c6da556b65c4\windows-amd64\native-platform-file-events.dll
0x00007fff3e2a0000 - 0x00007fff3e2ad000 	C:\Program Files\Java\jdk1.8.0_301\jre\bin\management.dll
0x00007fff51320000 - 0x00007fff51338000 	C:\WINDOWS\SYSTEM32\CRYPTSP.dll
0x00007fff50ab0000 - 0x00007fff50ae4000 	C:\WINDOWS\system32\rsaenh.dll
0x00007fff52210000 - 0x00007fff52237000 	C:\WINDOWS\System32\bcrypt.dll
0x00007fff51950000 - 0x00007fff5197e000 	C:\WINDOWS\SYSTEM32\USERENV.dll
0x00007fff522f0000 - 0x00007fff52373000 	C:\WINDOWS\System32\bcryptprimitives.dll
0x00007fff51340000 - 0x00007fff5134c000 	C:\WINDOWS\SYSTEM32\CRYPTBASE.dll
0x00007fff50e20000 - 0x00007fff50e5b000 	C:\WINDOWS\SYSTEM32\IPHLPAPI.DLL
0x00007fff541b0000 - 0x00007fff541b8000 	C:\WINDOWS\System32\NSI.dll
0x00007fff498a0000 - 0x00007fff498b7000 	C:\WINDOWS\SYSTEM32\dhcpcsvc6.DLL
0x00007fff49bc0000 - 0x00007fff49bdd000 	C:\WINDOWS\SYSTEM32\dhcpcsvc.DLL
0x00007fff50e60000 - 0x00007fff50f2c000 	C:\WINDOWS\SYSTEM32\DNSAPI.dll
0x00007fff49ca0000 - 0x00007fff49cab000 	C:\WINDOWS\SYSTEM32\WINNSI.DLL
0x00007fff4eee0000 - 0x00007fff4f0c4000 	C:\WINDOWS\SYSTEM32\dbghelp.dll

VM Arguments:
jvm_args: -Xmx1536M -Dfile.encoding=windows-1252 -Duser.country=US -Duser.language=en -Duser.variant 
java_command: org.gradle.launcher.daemon.bootstrap.GradleDaemon 6.7
java_class_path (initial): C:\Users\Eslam Osama\.gradle\wrapper\dists\gradle-6.7-all\cuy9mc7upwgwgeb72wkcrupxe\gradle-6.7\lib\gradle-launcher-6.7.jar
Launcher Type: SUN_STANDARD

Environment Variables:
CLASSPATH=C:\Users\Eslam Osama\StudioProjects\eslam_app\android\\gradle\wrapper\gradle-wrapper.jar
PATH=C:\Program Files (x86)\Common Files\Oracle\Java\javapath;C:\WINDOWS\system32;C:\WINDOWS;C:\WINDOWS\System32\Wbem;C:\WINDOWS\System32\WindowsPowerShell\v1.0\;C:\WINDOWS\System32\OpenSSH\;C:\Program Files\Git\cmd;C:\Users\Eslam Osama\AppData\Local\Microsoft\WindowsApps;C:\src\flutter\bin;C:\Program Files\Dart\dart-sdk\bin;;C:\src\flutter\bin\mingit\cmd
USERNAME=Eslam Osama
OS=Windows_NT
PROCESSOR_IDENTIFIER=Intel64 Family 6 Model 142 Stepping 12, GenuineIntel



---------------  S Y S T E M  ---------------

OS: Windows 10.0 , 64 bit Build 19041 (10.0.19041.1202)

CPU:total 8 (initial active 8) (4 cores per cpu, 2 threads per core) family 6 model 142 stepping 12, cmov, cx8, fxsr, mmx, sse, sse2, sse3, ssse3, sse4.1, sse4.2, popcnt, avx, avx2, aes, clmul, erms, 3dnowpref, lzcnt, ht, tsc, tscinvbit, bmi1, bmi2, adx

Memory: 4k page, physical 16646692k(1282448k free), swap 35581472k(6024k free)

vm_info: Java HotSpot(TM) 64-Bit Server VM (25.301-b09) for windows-amd64 JRE (1.8.0_301-b09), built on Jun  9 2021 06:46:21 by "java_re" with MS VC++ 15.9 (VS2017)

time: Fri Oct  8 01:52:12 2021
timezone: Egypt Standard Time
elapsed time: 16.312040 seconds (0d 0h 0m 16s)

